<?xml version="1.0" encoding="UTF-8"?>
<testng-results skipped="0" failed="0" total="1" passed="1">
  <reporter-output>
  </reporter-output>
  <suite name="Default suite" duration-ms="1890" started-at="2019-03-02T14:11:58Z" finished-at="2019-03-02T14:12:00Z">
    <groups>
    </groups>
    <test name="Default test" duration-ms="1890" started-at="2019-03-02T14:11:58Z" finished-at="2019-03-02T14:12:00Z">
      <class name="RestAssuredProject.RestAssuredProject.RestAssured_Program_6_AddGooglePlace_Element3">
        <test-method status="PASS" signature="RestAssured_Program()[pri:0, instance:RestAssuredProject.RestAssuredProject.RestAssured_Program_6_AddGooglePlace_Element3@215be6bb]" name="RestAssured_Program" duration-ms="1875" started-at="2019-03-02T19:41:58Z" finished-at="2019-03-02T19:42:00Z">
          <reporter-output>
          </reporter-output>
        </test-method> <!-- RestAssured_Program -->
      </class> <!-- RestAssuredProject.RestAssuredProject.RestAssured_Program_6_AddGooglePlace_Element3 -->
    </test> <!-- Default test -->
  </suite> <!-- Default suite -->
</testng-results>
